<?xml version="1.0" encoding="UTF-8"?>
<testsuite xmlns:xsi="http://www.w3.org/2001/XMLSchema-instance" xsi:noNamespaceSchemaLocation="https://maven.apache.org/surefire/maven-surefire-plugin/xsd/surefire-test-report-3.0.xsd" version="3.0" name="monprojet.dao.EmployeRepositoryTest" time="2.728" tests="1" errors="0" skipped="0" failures="1">
  <properties>
[...]
</properties>
  <testcase name="onTrouveUnEmployeParSonNom" classname="monprojet.dao.EmployeRepositoryTest" time="0.451">
    <failure message="On doit trouver l&apos;employé Rémi Bastide dans data.sql ==&gt; expected: not &lt;null&gt;" type="org.opentest4j.AssertionFailedError"><![CDATA[org.opentest4j.AssertionFailedError: On doit trouver l'employé Rémi Bastide dans data.sql ==> expected: not <null>
	at org.junit.jupiter.api.AssertionFailureBuilder.build(AssertionFailureBuilder.java:152)
	at org.junit.jupiter.api.AssertionFailureBuilder.buildAndThrow(AssertionFailureBuilder.java:132)
	at org.junit.jupiter.api.AssertNotNull.failNull(AssertNotNull.java:49)
	at org.junit.jupiter.api.AssertNotNull.assertNotNull(AssertNotNull.java:35)
	at org.junit.jupiter.api.Assertions.assertNotNull(Assertions.java:312)
	at monprojet.dao.EmployeRepositoryTest.onTrouveUnEmployeParSonNom(EmployeRepositoryTest.java:27)
	at java.base/java.lang.reflect.Method.invoke(Method.java:577)
	at java.base/java.util.ArrayList.forEach(ArrayList.java:1511)
	at java.base/java.util.ArrayList.forEach(ArrayList.java:1511)
]]></failure>
    <system-out><![CDATA[09:59:20.863 [main] INFO org.springframework.test.context.support.AnnotationConfigContextLoaderUtils -- Could not detect default configuration classes for test class [monprojet.dao.EmployeRepositoryTest]: EmployeRepositoryTest does not declare any static, non-private, non-final, nested classes annotated with @Configuration.
09:59:20.943 [main] INFO org.springframework.boot.test.context.SpringBootTestContextBootstrapper -- Found @SpringBootConfiguration monprojet.WebApp for test class monprojet.dao.EmployeRepositoryTest
09:59:21.013 [main] INFO org.springframework.boot.devtools.restart.RestartApplicationListener -- Restart disabled due to context in which it is running

  .   ____          _            __ _ _
 /\\ / ___'_ __ _ _(_)_ __  __ _ \ \ \ \
( ( )\___ | '_ | '_| | '_ \/ _` | \ \ \ \
 \\/  ___)| |_)| | | | | || (_| |  ) ) ) )
  '  |____| .__|_| |_|_| |_\__, | / / / /
 =========|_|==============|___/=/_/_/_/
 :: Spring Boot ::                (v3.2.1)

INFO   &amp#27;[36mm.d.EmployeRepositoryTest&amp#27;[0;39m - Starting EmployeRepositoryTest using Java 18.0.2 with PID 12904 (started by ldoublet in C:\Users\ldoublet\Documents\FIA3\S2\Web\projetsSSII) 
DEBUG  &amp#27;[36mm.d.EmployeRepositoryTest&amp#27;[0;39m - Running with Spring Boot v3.2.1, Spring v6.1.2 
INFO   &amp#27;[36mm.d.EmployeRepositoryTest&amp#27;[0;39m - No active profile set, falling back to 1 default profile: "default" 
INFO   &amp#27;[36mo.h.j.i.u.LogHelper&amp#27;[0;39m - HHH000204: Processing PersistenceUnitInfo [name: default] 
INFO   &amp#27;[36mo.h.Version&amp#27;[0;39m - HHH000412: Hibernate ORM core version 6.4.1.Final 
INFO   &amp#27;[36mo.h.c.i.RegionFactoryInitiator&amp#27;[0;39m - HHH000026: Second-level cache disabled 
WARN   &amp#27;[36mo.h.o.deprecation&amp#27;[0;39m - HHH90000025: H2Dialect does not need to be specified explicitly using 'hibernate.dialect' (remove the property setting and it will be selected by default) 
INFO   &amp#27;[36mo.h.e.t.j.p.i.JtaPlatformInitiator&amp#27;[0;39m - HHH000489: No JTA platform available (set 'hibernate.transaction.jta.platform' to enable JTA platform integration) 
Hibernate: 
    drop table if exists employe cascade 
Hibernate: 
    drop table if exists employe_projets cascade 
Hibernate: 
    drop table if exists participation cascade 
Hibernate: 
    drop table if exists projet cascade 
Hibernate: 
    create table employe (
        matricule integer generated by default as identity,
        montant_prime float(24),
        pourcentage float(24),
        superieur_matricule integer,
        dtype varchar(31) not null,
        diplome varchar(255),
        email varchar(255),
        nom varchar(255),
        primary key (matricule)
    )
Hibernate: 
    create table employe_projets (
        employes_matricule integer not null,
        projets_code bigint not null
    )
Hibernate: 
    create table participation (
        pourcentage float(24),
        id bigint generated by default as identity,
        role varchar(255),
        primary key (id)
    )
Hibernate: 
    create table projet (
        debut date,
        fin date,
        code bigint generated by default as identity,
        nom varchar(255),
        primary key (code)
    )
Hibernate: 
    alter table if exists employe 
       add constraint FKh4ongmip93u453oobus2lf0qt 
       foreign key (superieur_matricule) 
       references employe
Hibernate: 
    alter table if exists employe_projets 
       add constraint FKs7dqq6y761mwexrwml0kotlj0 
       foreign key (projets_code) 
       references projet
Hibernate: 
    alter table if exists employe_projets 
       add constraint FK3kcyuv6ay8cl7pkr9t6ku3dlb 
       foreign key (employes_matricule) 
       references employe
INFO   &amp#27;[36mm.d.EmployeRepositoryTest&amp#27;[0;39m - Started EmployeRepositoryTest in 2.01 seconds (process running for 2.605) 
INFO   &amp#27;[36mm.d.EmployeRepositoryTest&amp#27;[0;39m - On peut trouver un employé par son nom (requête dans le repository) 
Hibernate: 
    select
        e1_0.matricule,
        e1_0.dtype,
        e1_0.email,
        e1_0.nom,
        e1_0.superieur_matricule,
        e1_0.diplome,
        e1_0.pourcentage,
        e1_0.montant_prime 
    from
        employe e1_0 
    where
        e1_0.nom=?
]]></system-out>
  </testcase>
</testsuite>